<?xml version="1.0" encoding="UTF-8"?>
<testng-results ignored="0" total="1" passed="1" failed="0" skipped="0">
  <reporter-output>
  </reporter-output>
  <suite started-at="2020-05-11T21:06:51 CEST" name="org.example.untitled.MainPageTest" finished-at="2020-05-11T21:07:00 CEST" duration-ms="9551">
    <groups>
    </groups>
    <test started-at="2020-05-11T21:06:51 CEST" name="Command line test" finished-at="2020-05-11T21:07:00 CEST" duration-ms="9551">
      <class name="org.example.untitled.MainPageTest">
        <test-method signature="openPage()[pri:0, instance:org.example.untitled.MainPageTest@1060b431]" started-at="2020-05-11T21:06:51 CEST" name="openPage" finished-at="2020-05-11T21:07:00 CEST" duration-ms="9522" status="PASS">
          <reporter-output>
          </reporter-output>
        </test-method> <!-- openPage -->
      </class> <!-- org.example.untitled.MainPageTest -->
    </test> <!-- Command line test -->
  </suite> <!-- org.example.untitled.MainPageTest -->
</testng-results>
